WARNING : Project's CLI version could not be detected from `requirements.txt`.
WARNING : Try `pretext update-project` to produce a compatible file.
INFO    : Since no target was supplied, we will use "web".

INFO    : Building target web
INFO    : XSL conversion of /workspaces/MATH2341/source/main.ptx by /home/vscode/.ptx/2.42.0/core/xsl/utilities/pretext-enhanced-source.xsl
INFO    : successful application of /home/vscode/.ptx/2.42.0/core/xsl/utilities/pretext-enhanced-source.xsl
WARNING : Schema validation could not be completed: no validator was available (jing is not installed and lxml could not compile the schema). Continuing with build.
INFO    : Generating any needed assets.
INFO    : Finished generating assets.

INFO    : Preparing to build into /workspaces/MATH2341/output/web.
WARNING : Node.js must be installed to build CSS files.  Please install node.js and npm.
 Will try to use prebuilt CSS files instead.
WARNING : Cannot find npm.  Will try to use prebuilt CSS files instead.
WARNING : Unable to install npm packages to build css files.  Non-default CSS themes require node.js and npm to be installed.  See https://pretextbook.org/doc/guide/html/node-and-npm.html
WARNING : 
INFO    : discovering source file's directory name: /workspaces/MATH2341/source
INFO    : verifying and expanding input directory: /workspaces/MATH2341/source/../generated-assets
INFO    : input directory expanded to absolute path: /workspaces/MATH2341/generated-assets
INFO    : verifying and expanding input directory: /workspaces/MATH2341/source/../assets
INFO    : input directory expanded to absolute path: /workspaces/MATH2341/assets
INFO    : discovering source file's directory name: /workspaces/MATH2341/source
INFO    : XSL conversion of /workspaces/MATH2341/source/main.ptx by /home/vscode/.ptx/2.42.0/core/xsl/utilities/report-publisher-variables.xsl
INFO    : successful application of /home/vscode/.ptx/2.42.0/core/xsl/utilities/report-publisher-variables.xsl
INFO    : Downloading rs services file from https://runestone.academy/cdn/runestone/latest/webpack_static_imports.xml.
INFO    : Runestone Services via online CDN query: version 7.13.7
INFO    : Downloading Runestone Services, version 7.13.7
INFO    : Extracting Runestone Services from archive file
WARNING : Color #BD8B13 does not have enough contrast with expected background color #fff. Contrast ratio is 3.0583495441262247 but should be at least 4.5. Adjust your publisher file html/css/variables to ensure sufficient contrast.
INFO    : Node.js not available. Relying on prebuilt default-modern.
INFO    : Using prebuilt CSS theme: default-modern with options: {'options': {'primary-color': '#154734', 'secondary-color': '#BD8B13'}, 'contrast-checks': {'primary-color': '#fff', 'secondary-color': '#fff', 'primary-color-dark': '#23241f'}}
INFO    : converting /workspaces/MATH2341/source/main.ptx to HTML in /tmp/ptx-lpgg9ou_
INFO    : XSL conversion of /workspaces/MATH2341/source/main.ptx by /home/vscode/.ptx/2.42.0/core/xsl/pretext-html.xsl
INFO    : messages from the log for XSL processing:
INFO    : * PTX:INFO:   checking all deprecated elements.
WARNING : * PTX:DEPRECATE: (2017-07-14) a "index" element is deprecated, replaced by functional equivalent "idx" (1 time)
INFO    : *              located at: pretext/book/backmatter/index
INFO    : *              located within: "math2341" (xml:id), "MATH 2341: Linear Analysis" (title)
INFO    : * --------------
INFO    : successful application of /home/vscode/.ptx/2.42.0/core/xsl/pretext-html.xsl
INFO    : Removing temporary directory /tmp/ptx-lpgg9ou_
INFO    : Removing temporary directory /tmp/ptx-axtdubq0
INFO    : 
Finished build for target web. Run `pretext view web` to see the results.

INFO    : 
Success!  Built requested target(s) without errors.

INFO    : 
